

*******************************************************************************
Wed Mar 08 08:40:31 2023


FIT:    data read from 'linearSearch.out' using 1:3
        format = x:z
        x range restricted to [0.00000 : 110000.]
        #datapoints = 10
        residuals are weighted equally (unit weight)

function used for fitting: f(x)
	f(x)=a*x+b
fitted parameters initialized with current variable values

iter      chisq       delta/lim  lambda   a             b            
   0 3.8464712251e+10   0.00e+00  4.39e+04    1.000000e+00   1.000000e+00
   8 4.8091367273e-01  -8.23e-04  4.39e-04    4.676218e-04   3.536000e-01

After 8 iterations the fit converged.
final sum of squares of residuals : 0.480914
rel. change during last iteration : -8.23204e-09

degrees of freedom    (FIT_NDF)                        : 8
rms of residuals      (FIT_STDFIT) = sqrt(WSSR/ndf)    : 0.245182
variance of residuals (reduced chisquare) = WSSR/ndf   : 0.0601142

Final set of parameters            Asymptotic Standard Error
=======================            ==========================
a               = 0.000467622      +/- 2.699e-06    (0.5773%)
b               = 0.3536           +/- 0.1675       (47.37%)

correlation matrix of the fit parameters:
                a      b      
a               1.000 
b              -0.886  1.000 


*******************************************************************************
Wed Mar 08 08:45:03 2023


FIT:    data read from 'linearSearch.out' using 1:4
        format = x:z
        x range restricted to [0.00000 : 110000.]
        #datapoints = 10
        residuals are weighted equally (unit weight)

function used for fitting: g(x)
	g(x)=c*x+d
fitted parameters initialized with current variable values

iter      chisq       delta/lim  lambda   c             d            
   0 3.8485775437e+10   0.00e+00  4.39e+04    1.000000e+00   1.000000e+00
   8 3.8926705455e-01  -2.27e-03  4.39e-04    1.985345e-04   3.520000e-02

After 8 iterations the fit converged.
final sum of squares of residuals : 0.389267
rel. change during last iteration : -2.26571e-08

degrees of freedom    (FIT_NDF)                        : 8
rms of residuals      (FIT_STDFIT) = sqrt(WSSR/ndf)    : 0.220586
variance of residuals (reduced chisquare) = WSSR/ndf   : 0.0486584

Final set of parameters            Asymptotic Standard Error
=======================            ==========================
c               = 0.000198535      +/- 2.429e-06    (1.223%)
d               = 0.0352           +/- 0.1507       (428.1%)

correlation matrix of the fit parameters:
                c      d      
c               1.000 
d              -0.886  1.000 


*******************************************************************************
Wed Mar 08 08:50:06 2023


FIT:    data read from "linearSearch.out" using 1:3
        format = x:z
        x range restricted to [0.00000 : 110000.]
        #datapoints = 10
        residuals are weighted equally (unit weight)

function used for fitting: f(x)
	f(x) = a*x+b
fitted parameters initialized with current variable values

iter      chisq       delta/lim  lambda   a             b            
   0 4.8091367273e-01   0.00e+00  2.05e+01    4.676218e-04   3.536000e-01
   1 4.8091367273e-01   0.00e+00  2.05e+02    4.676218e-04   3.536000e-01

After 1 iterations the fit converged.
final sum of squares of residuals : 0.480914
rel. change during last iteration : 0

degrees of freedom    (FIT_NDF)                        : 8
rms of residuals      (FIT_STDFIT) = sqrt(WSSR/ndf)    : 0.245182
variance of residuals (reduced chisquare) = WSSR/ndf   : 0.0601142

Final set of parameters            Asymptotic Standard Error
=======================            ==========================
a               = 0.000467622      +/- 2.699e-06    (0.5773%)
b               = 0.3536           +/- 0.1675       (47.37%)

correlation matrix of the fit parameters:
                a      b      
a               1.000 
b              -0.886  1.000 


*******************************************************************************
Wed Mar 08 08:50:07 2023


FIT:    data read from "linearSearch.out" using 1:4
        format = x:z
        x range restricted to [0.00000 : 110000.]
        #datapoints = 10
        residuals are weighted equally (unit weight)

function used for fitting: g(x)
	g(x) = c*x+d
fitted parameters initialized with current variable values

iter      chisq       delta/lim  lambda   c             d            
   0 3.8926705455e-01   0.00e+00  8.71e+00    1.985345e-04   3.520000e-02
   1 3.8926705455e-01   0.00e+00  8.71e+00    1.985345e-04   3.520000e-02

After 1 iterations the fit converged.
final sum of squares of residuals : 0.389267
rel. change during last iteration : 0

degrees of freedom    (FIT_NDF)                        : 8
rms of residuals      (FIT_STDFIT) = sqrt(WSSR/ndf)    : 0.220586
variance of residuals (reduced chisquare) = WSSR/ndf   : 0.0486584

Final set of parameters            Asymptotic Standard Error
=======================            ==========================
c               = 0.000198535      +/- 2.429e-06    (1.223%)
d               = 0.0352           +/- 0.1507       (428.1%)

correlation matrix of the fit parameters:
                c      d      
c               1.000 
d              -0.886  1.000 
